<?xml version="1.0" encoding="UTF-8"?>
<!-- Generated by org.testng.reporters.JUnitReportReporter -->
<testsuite skipped="0" hostname="ATMECSINLT-407" name="com.atmecs.falcon_practice.testscript.SampleTestScript" tests="1" failures="0" timestamp="23 Nov 2020 11:28:32 GMT" time="9.804" errors="0">
  <testcase name="sampleTest" time="9.804" classname="com.atmecs.falcon_practice.testscript.SampleTestScript"/>
</testsuite> <!-- com.atmecs.falcon_practice.testscript.SampleTestScript -->
