<?xml version="1.0" encoding="UTF-8"?>
<!-- Generated by org.testng.reporters.JUnitReportReporter -->
<testsuite skipped="0" hostname="ATMECSINLT-407" name="com.atmecs.falcon_practice.testscript.AtmecsContactUsTest" tests="1" failures="0" timestamp="2020-11-23T17:03:14 IST" time="10.808" errors="0">
  <testcase name="contactUsTest" time="10.808" classname="com.atmecs.falcon_practice.testscript.AtmecsContactUsTest"/>
</testsuite> <!-- com.atmecs.falcon_practice.testscript.AtmecsContactUsTest -->
